<?xml version="1.0" encoding="UTF-8" ?>
<testsuite tests="4" failures="0" name="Runner.TestRunner" time="5.027" errors="0" skipped="0">
  <properties>
[...]
</properties>
  <testcase classname="Test the Get Request for LMSAPI" name="The user makes a successful Get request" time="2.103"/>
  <testcase classname="Test the put  Request for LMSAPI" name="User successfully get Batch by batch name" time="1.452"/>
  <testcase classname="Test the put  Request for LMSAPI" name="User successfully updates Batch by ID" time="1.456"/>
  <testcase classname="Test the put  Request for LMSAPI" name="To Update Program By ProgramName" time="0.016"/>
</testsuite>