<?xml version="1.0" encoding="UTF-8" standalone="no"?>
<testsuite errors="0" failures="0" name="io.cucumber.core.plugin.JUnitFormatter" skipped="0" tests="4" time="5.038">
    <testcase classname="Test the Get Request for LMSAPI" name="The user makes a successful Get request" time="1.885">
        <system-out><![CDATA[Given User is on Get Method to get all programs.............................passed
When User sends the get method with endpoints Allprograms...................passed
Then The user should get a successful response code 200.....................passed
]]></system-out>
    </testcase>
    <testcase classname="Test the put  Request for LMSAPI" name="User successfully get Batch by batch name" time="1.445">
        <system-out><![CDATA[Given User ensure to perform POST operation for "/batches" with body as.....passed
When User sends the get request using Batch name as "bluetooth8344".........passed
Then Status code should be 200 ok...........................................passed
]]></system-out>
    </testcase>
    <testcase classname="Test the put  Request for LMSAPI" name="User successfully updates Batch by ID" time="1.449">
        <system-out><![CDATA[Given User ensure to perform POST operation for "/batches" with body as.....passed
When User sends the put request using updated Batch ID for "/batches" with body as.passed
Then Status code should be 200 ok...........................................passed
Then User performs Delete operation to clear the batch for "/batches".......passed
]]></system-out>
    </testcase>
    <testcase classname="Test the put  Request for LMSAPI" name="To Update Program By ProgramName" time="0.01">
        <system-out><![CDATA[Given User is on Put Method with existing ProgramName.......................passed
When User sends the put method with updated ProgramName.....................passed
Then Status "201" is shown with message "Successfully Updated !!"...........passed
]]></system-out>
    </testcase>
</testsuite>
